\BOOKMARK [1][-]{section.1}{Introduction}{}% 1
\BOOKMARK [2][-]{subsection.1.1}{Problem\040Background}{section.1}% 2
\BOOKMARK [2][-]{subsection.1.2}{Restatement\040of\040the\040Problem}{section.1}% 3
\BOOKMARK [2][-]{subsection.1.3}{Literature\040Review}{section.1}% 4
\BOOKMARK [1][-]{section.2}{Preparation\040of\040the\040Models}{}% 5
\BOOKMARK [2][-]{subsection.2.1}{Assumptions\040and\040Justifications}{section.2}% 6
\BOOKMARK [2][-]{subsection.2.2}{Notions\040and\040Symbol\040Description}{section.2}% 7
\BOOKMARK [1][-]{section.3}{Model\040Establishment\040and\040Solution\040of\040Problems}{}% 8
\BOOKMARK [2][-]{subsection.3.1}{Data\040overview}{section.3}% 9
\BOOKMARK [2][-]{subsection.3.2}{Problem\0401}{section.3}% 10
\BOOKMARK [3][-]{subsubsection.3.2.1}{Data\040preprocessing}{subsection.3.2}% 11
\BOOKMARK [3][-]{subsubsection.3.2.2}{Problem\040Modeling}{subsection.3.2}% 12
\BOOKMARK [3][-]{subsubsection.3.2.3}{Model\040solving}{subsection.3.2}% 13
\BOOKMARK [3][-]{subsubsection.3.2.4}{Conclusion}{subsection.3.2}% 14
\BOOKMARK [2][-]{subsection.3.3}{Problem\0402}{section.3}% 15
\BOOKMARK [3][-]{subsubsection.3.3.1}{Data\040preprocessing}{subsection.3.3}% 16
\BOOKMARK [3][-]{subsubsection.3.3.2}{Problem\040Modeling}{subsection.3.3}% 17
\BOOKMARK [3][-]{subsubsection.3.3.3}{Model\040solving}{subsection.3.3}% 18
\BOOKMARK [3][-]{subsubsection.3.3.4}{Conclusion}{subsection.3.3}% 19
\BOOKMARK [2][-]{subsection.3.4}{Problem\0403}{section.3}% 20
\BOOKMARK [3][-]{subsubsection.3.4.1}{Data\040preprocessing}{subsection.3.4}% 21
\BOOKMARK [3][-]{subsubsection.3.4.2}{Problem\040Modeling}{subsection.3.4}% 22
\BOOKMARK [3][-]{subsubsection.3.4.3}{Model\040solving}{subsection.3.4}% 23
\BOOKMARK [3][-]{subsubsection.3.4.4}{Conclusion}{subsection.3.4}% 24
\BOOKMARK [2][-]{subsection.3.5}{Problem\0404}{section.3}% 25
\BOOKMARK [3][-]{subsubsection.3.5.1}{Data\040preprocessing}{subsection.3.5}% 26
\BOOKMARK [3][-]{subsubsection.3.5.2}{Problem\040Analysis\040and\040Modeling}{subsection.3.5}% 27
\BOOKMARK [3][-]{subsubsection.3.5.3}{Conclusion}{subsection.3.5}% 28
\BOOKMARK [2][-]{subsection.3.6}{Problem\0405}{section.3}% 29
\BOOKMARK [1][-]{section.4}{Strengths\040and\040Weaknesses}{}% 30
\BOOKMARK [2][-]{subsection.4.1}{Strengths:}{section.4}% 31
\BOOKMARK [2][-]{subsection.4.2}{Weaknesses:}{section.4}% 32
\BOOKMARK [1][-]{section.5}{Memorandum}{}% 33
\BOOKMARK [1][-]{section*.2}{Appendices}{}% 34
\BOOKMARK [1][-]{appendix.a.A}{Appendix\040}{}% 35
\BOOKMARK [1][-]{appendix.a.B}{Appendix\040}{}% 36
