\BOOKMARK [1][]{section.1}{\376\377\116\000\060\001\000\040\225\356\230\230\221\315\217\360}{}% 1
\BOOKMARK [1][]{section.2}{\376\377\116\214\060\001\000\040\225\356\230\230\122\006\147\220}{}% 2
\BOOKMARK [2][]{subsection.2.1}{\376\377\0002\000.\0001\000\040\133\371\225\356\230\230\116\000\166\204\122\006\147\220}{section.2}% 3
\BOOKMARK [2][]{subsection.2.2}{\376\377\0002\000.\0002\000\040\133\371\225\356\230\230\116\214\166\204\122\006\147\220}{section.2}% 4
\BOOKMARK [2][]{subsection.2.3}{\376\377\0002\000.\0003\000\040\133\371\225\356\230\230\116\011\166\204\122\006\147\220}{section.2}% 5
\BOOKMARK [1][]{section.3}{\376\377\116\011\060\001\000\040\152\041\127\213\166\204\120\107\213\276\116\016\173\046\123\367\213\364\146\016}{}% 6
\BOOKMARK [2][]{subsection.3.1}{\376\377\0003\000.\0001\000\040\152\041\127\213\120\107\213\276}{section.3}% 7
\BOOKMARK [2][]{subsection.3.2}{\376\377\0003\000.\0002\000\040\173\046\123\367\213\364\146\016}{section.3}% 8
\BOOKMARK [1][]{section.4}{\376\377\126\333\060\001\000\040\152\041\127\213\121\306\131\007}{}% 9
\BOOKMARK [2][]{subsection.4.1}{\376\377\0004\000.\0001\000\040\000T\000O\000P\000S\000I\000S\173\227\154\325\152\041\127\213\123\237\164\006}{section.4}% 10
\BOOKMARK [1][]{section.5}{\376\377\116\224\060\001\000\040\152\041\127\213\166\204\136\372\172\313\116\016\154\102\211\343}{}% 11
\BOOKMARK [2][]{subsection.5.1}{\376\377\0005\000.\0001\000\040\225\356\230\230\116\000\166\204\152\041\127\213\166\204\136\372\172\313\116\016\154\102\211\343}{section.5}% 12
\BOOKMARK [3][]{subsubsection.5.1.1}{\376\377\0005\000.\0001\000.\0001\000\040\145\160\143\156\131\004\164\006\116\016\173\133\220\011}{subsection.5.1}% 13
\BOOKMARK [3][]{subsubsection.5.1.2}{\376\377\0005\000.\0001\000.\0002\000\040\117\341\212\211\230\316\226\151\143\007\145\160\152\041\127\213}{subsection.5.1}% 14
\BOOKMARK [3][]{subsubsection.5.1.3}{\376\377\0005\000.\0001\000.\0003\000\040\215\067\153\076\221\115\230\235\152\041\127\213}{subsection.5.1}% 15
\BOOKMARK [3][]{subsubsection.5.1.4}{\376\377\0005\000.\0001\000.\0004\000\040\122\051\163\207\122\066\133\232\152\041\127\213}{subsection.5.1}% 16
\BOOKMARK [2][]{subsection.5.2}{\376\377\0005\000.\0002\000\040\225\356\230\230\116\214\166\204\154\102\211\343}{section.5}% 17
\BOOKMARK [2][]{subsection.5.3}{\376\377\0005\000.\0003\000\040\225\356\230\230\116\011\166\204\152\041\127\213\136\372\172\313\116\016\154\102\211\343}{section.5}% 18
\BOOKMARK [1][]{section.6}{\376\377\121\155\060\001\000\040\152\041\127\213\213\304\116\367}{}% 19
\BOOKMARK [2][]{subsection.6.1}{\376\377\0006\000.\0001\000\040\225\356\230\230\116\000\124\214\116\214\152\041\127\213\166\204\213\304\116\367}{section.6}% 20
\BOOKMARK [2][]{subsection.6.2}{\376\377\0006\000.\0002\000\040\225\356\230\230\116\011\152\041\127\213\166\204\213\304\116\367}{section.6}% 21
\BOOKMARK [1][]{section*.21}{\376\377\123\302\200\003\145\207\163\056}{}% 22
\BOOKMARK [1][]{appendix.a.A}{\376\377\226\104\137\125\000\040\000A\000\040\225\356\230\230\116\000\166\204\117\341\212\211\230\316\226\151\143\007\145\160\152\041\127\213\166\204\121\263\173\126\167\351\226\065}{}% 23
\BOOKMARK [1][]{appendix.a.B}{\376\377\226\104\137\125\000\040\000B\000\040\225\356\230\230\116\000\166\204\124\004\116\052\117\341\212\211\213\304\176\247\117\001\116\032\166\370\121\163\133\236\122\233\145\160\143\156}{}% 24
\BOOKMARK [1][]{appendix.a.C}{\376\377\226\104\137\125\000\040\000C\000\040\225\356\230\230\116\000\166\204\121\101\213\270\215\067\153\076\117\001\116\032\166\204\215\335\171\273\120\074\116\345\123\312\176\374\124\010\143\007\150\007\120\074}{}% 25
\BOOKMARK [1][]{appendix.a.D}{\376\377\226\104\137\125\000\040\000D\000\040\226\104\116\366\116\000\116\055\121\101\213\270\215\067\153\076\117\001\116\032\127\050\215\067\153\076\221\115\230\235\152\041\127\213\116\055\215\335\171\273\120\074\116\345\123\312\176\374\124\010\143\007\150\007\120\074\116\345\123\312\176\374\124\010\143\007\150\007\120\074\123\140\153\324}{}% 26
\BOOKMARK [1][]{appendix.a.E}{\376\377\226\104\137\125\000\040\000E\000\040\000T\000O\000P\000S\000I\000S\173\227\154\325\116\343\170\001}{}% 27
\BOOKMARK [1][]{appendix.a.F}{\376\377\226\104\137\125\000\040\000F\000\040\213\241\173\227\142\020\133\371\153\324\217\203\122\044\145\255\167\351\226\065\166\204\162\171\137\201\120\074\124\214\162\171\137\201\124\021\221\317\116\343\170\001}{}% 28
\BOOKMARK [1][]{appendix.a.G}{\376\377\226\104\137\125\000\040\000G\000\040\224\366\210\114\147\000\131\047\122\051\166\312\116\013\166\204\133\373\154\102\147\000\117\030\133\242\142\067\155\101\131\061\163\207\176\304\124\010\166\204\116\343\170\001}{}% 29
\BOOKMARK [1][]{appendix.a.H}{\376\377\226\104\137\125\000\040\000H\000\040\152\041\174\312\176\374\124\010\213\304\116\367\152\041\127\213\116\343\170\001}{}% 30
\BOOKMARK [1][]{appendix.a.I}{\376\377\226\104\137\125\000\040\000I\000\040\145\057\144\221\145\207\116\366\122\027\210\150}{}% 31
